Device Index: 0
  Selected: false
  Device Name: Intel(R) HD Graphics 520
  Device Vendor: Intel(R) Corporation
  Device Version: OpenCL 2.0 
  Driver Version: 21.20.16.4550
  Device Type: gpu 
  Device Extensions: cl_intel_accelerator cl_intel_advanced_motion_estimation cl_intel_d3d11_nv12_media_sharing cl_intel_driver_diagnostics cl_intel_dx9_media_sharing cl_intel_motion_estimation cl_intel_packed_yuv cl_intel_required_subgroup_size cl_intel_simultaneous_sharing cl_intel_subgroups cl_khr_3d_image_writes cl_khr_byte_addressable_store cl_khr_d3d10_sharing cl_khr_d3d11_sharing cl_khr_depth_images cl_khr_dx9_media_sharing cl_khr_fp16 cl_khr_fp64 cl_khr_gl_depth_images cl_khr_gl_event cl_khr_gl_msaa_sharing cl_khr_global_int32_base_atomics cl_khr_global_int32_extended_atomics cl_khr_gl_sharing cl_khr_icd cl_khr_image2d_from_buffer cl_khr_local_int32_base_atomics cl_khr_local_int32_extended_atomics cl_khr_mipmap_image cl_khr_mipmap_image_writes cl_khr_spir cl_khr_subgroups 
  Device OpenCL C Version: OpenCL C 2.0 
  Device Available: true
  Device Compiler Available: true
  Device Linker Available: true
  Platform Name: Intel(R) OpenCL
  Platform Vendor: Intel(R) Corporation
  Platform Version: OpenCL 2.0 
  Platform Profile: FULL_PROFILE
  Platform Extensions: cl_intel_dx9_media_sharing cl_khr_3d_image_writes cl_khr_byte_addressable_store cl_khr_d3d11_sharing cl_khr_depth_images cl_khr_dx9_media_sharing cl_khr_fp64 cl_khr_gl_sharing cl_khr_global_int32_base_atomics cl_khr_global_int32_extended_atomics cl_khr_icd cl_khr_local_int32_base_atomics cl_khr_local_int32_extended_atomics cl_khr_spir

Device Index: 1
  Selected: true
  Device Name: Intel(R) Core(TM) i3-6006U CPU @ 2.00GHz
  Device Vendor: Intel(R) Corporation
  Device Version: OpenCL 1.2 (Build 392)
  Driver Version: 6.8.0.392
  Device Type: cpu 
  Device Extensions: cl_khr_icd cl_khr_global_int32_base_atomics cl_khr_global_int32_extended_atomics cl_khr_local_int32_base_atomics cl_khr_local_int32_extended_atomics cl_khr_byte_addressable_store cl_khr_depth_images cl_khr_3d_image_writes cl_intel_exec_by_local_thread cl_khr_spir cl_khr_dx9_media_sharing cl_intel_dx9_media_sharing cl_khr_d3d11_sharing cl_khr_gl_sharing cl_khr_fp64 
  Device OpenCL C Version: OpenCL C 1.2 
  Device Available: true
  Device Compiler Available: true
  Device Linker Available: true
  Platform Name: Intel(R) OpenCL
  Platform Vendor: Intel(R) Corporation
  Platform Version: OpenCL 2.0 
  Platform Profile: FULL_PROFILE
  Platform Extensions: cl_intel_dx9_media_sharing cl_khr_3d_image_writes cl_khr_byte_addressable_store cl_khr_d3d11_sharing cl_khr_depth_images cl_khr_dx9_media_sharing cl_khr_fp64 cl_khr_gl_sharing cl_khr_global_int32_base_atomics cl_khr_global_int32_extended_atomics cl_khr_icd cl_khr_local_int32_base_atomics cl_khr_local_int32_extended_atomics cl_khr_spir

